2014-10-07T11:39:59.995Z     1         56 dns:www.ifs.org.uk P http://www.ifs.org.uk/publications/re text/dns #008 20141007113959488+5 sha1:3DCJF3DF27NMWDTEYMG4POLX44PDQ5YP - -
2014-10-07T11:40:03.313Z   200        106 http://www.ifs.org.uk/robots.txt P http://www.ifs.org.uk/publications/re text/plain #008 20141007114002998+314 sha1:UBCEZGFIAYK6FNLD7EWI35KGLSC277YI - -
2014-10-07T11:40:07.174Z   200      17852 http://www.ifs.org.uk/publications/re - - text/html #008 20141007114006315+843 sha1:UQEPUS4X25DAW2LG2SH7D77FK4R6HA66 - 3t
2014-10-07T11:40:12.101Z   404       8114 http://www.ifs.org.uk/publications/linkid.js X http://www.ifs.org.uk/publications/re text/html #023 20141007114011488+609 sha1:MOHFYWTW7QMSHY6MBUC7AU5QHIZKF2DX - -
2014-10-07T11:40:15.762Z   200      24142 http://www.ifs.org.uk/publications/ L http://www.ifs.org.uk/publications/re text/html #008 20141007114015176+573 sha1:SQ4G2W5OIKC552L7DE3LA4FQUTEBPKHE - -
2014-10-07T11:40:19.343Z   200      18728 http://www.ifs.org.uk/publications/7274 L http://www.ifs.org.uk/publications/re text/html #008 20141007114018763+570 sha1:DXYS45H7LXG2NKF4DSLWWQROSSXQ6OY4 - -
2014-10-07T11:40:22.435Z   200       3156 http://www.ifs.org.uk/uploads/images/logos/esrc_small.gif LE http://www.ifs.org.uk/publications/7274 image/gif #008 20141007114022344+89 sha1:VGDYJIXHL7NF3YFPKA5BQYYIXF2AGLJW - -
2014-10-07T11:40:25.517Z   200       3133 http://www.ifs.org.uk/uploads/images/logos/jrf_small.jpg LE http://www.ifs.org.uk/publications/7274 image/jpeg #008 20141007114025436+80 sha1:JU3JLALGSCLXXDWS7JLQF5TKRL6EKQOR - -
2014-10-07T11:40:29.009Z   200      19527 http://www.ifs.org.uk/publications/7251 L http://www.ifs.org.uk/publications/re text/html #008 20141007114028519+475 sha1:UJWQSJ2C7SEJI7JFNTGXB5RJOU45IUPB - -
2014-10-07T11:40:32.314Z   200      16417 http://www.ifs.org.uk/publications/7175 L http://www.ifs.org.uk/publications/re text/html #008 20141007114032010+295 sha1:YNVIBJUSRXONECE4BR5KI3IY4OK7UAY7 - -
2014-10-07T11:40:35.400Z   200       2532 http://www.ifs.org.uk/uploads/images/logos/nuff_small.gif LE http://www.ifs.org.uk/publications/7175 image/gif #008 20141007114035315+84 sha1:7NXN42D23STTMEBQWT6BDUYFSOAHZWOV - -
2014-10-07T11:40:38.836Z   200      14786 http://www.ifs.org.uk/publications/7165 L http://www.ifs.org.uk/publications/re text/html #008 20141007114038402+427 sha1:Y75KFORPUKKH5IDYKQPGAK6OXLHAJ7Y2 - -
2014-10-07T11:40:42.529Z   200      16972 http://www.ifs.org.uk/publications/7130 L http://www.ifs.org.uk/publications/re text/html #008 20141007114041838+679 sha1:DZGB6E6XV23JETE2ZA7NC7V7ZMOVTT46 - -
2014-10-07T11:40:47.574Z   200      18289 http://www.ifs.org.uk/publications/re?page=2 L http://www.ifs.org.uk/publications/re text/html #023 20141007114046108+1454 sha1:V7EUX6SAD22EWTT4P3MH7WMHITL5FYQV - -
2014-10-07T11:40:56.162Z   200      18388 http://www.ifs.org.uk/publications/re?page=3 L http://www.ifs.org.uk/publications/re text/html #010 20141007114055496+655 sha1:N4PPYRJ5ROSIF7WLWK3JJ75FL77WDNGG - -
2014-10-07T11:41:00.182Z   200      18017 http://www.ifs.org.uk/publications/re?page=4 L http://www.ifs.org.uk/publications/re text/html #019 20141007114059497+674 sha1:4EJOQ5C45VO6B7AN5Y3AGU6CHLN4X6QY - -
2014-10-07T11:41:04.354Z   200      18151 http://www.ifs.org.uk/publications/re?page=5 L http://www.ifs.org.uk/publications/re text/html #023 20141007114103577+766 sha1:N7WGI76VKLMHBZQKJEE3UBCPCIWWAFVD - -
2014-10-07T11:41:08.818Z   200      15850 http://www.ifs.org.uk/publications/re?page=33 L http://www.ifs.org.uk/publications/re text/html #019 20141007114108185+623 sha1:TJC7GRGD73L6AFVZX3ED3SEDLJI7UFC3 - -
2014-10-07T11:41:12.432Z   200      13956 http://www.ifs.org.uk/publications/7389 L http://www.ifs.org.uk/publications/re text/html #010 20141007114112166+259 sha1:OOPHQWE3ATKOV2FGCZ6ZP6WR5F33UCSU - -
2014-10-07T11:41:15.672Z   200      13511 http://www.ifs.org.uk/publications/7387 L http://www.ifs.org.uk/publications/re text/html #010 20141007114115433+233 sha1:A3VE3BHAKCQEZTXCTJNLM7YGPI3G7X5K - -
2014-10-07T11:41:18.935Z   200      13168 http://www.ifs.org.uk/publications/7388 L http://www.ifs.org.uk/publications/re text/html #010 20141007114118674+254 sha1:VL6EL644INJVYBNYZYPGQNQ67JZ2WGA2 - -
2014-10-07T11:41:22.177Z   200      13540 http://www.ifs.org.uk/publications/7392 L http://www.ifs.org.uk/publications/re text/html #010 20141007114121936+235 sha1:32SYDVGJ2IG4Q6RVZZKY2AX3BBFZRLS4 - -
2014-10-07T11:41:25.473Z   200      13494 http://www.ifs.org.uk/publications/7390 L http://www.ifs.org.uk/publications/re text/html #010 20141007114125179+287 sha1:QSN7FSC36CX54LTAPVNGCHVK5COIKTXZ - -
2014-10-07T11:41:29.755Z   200     141871 http://www.ifs.org.uk/publications/feed/bn L http://www.ifs.org.uk/publications/re text/html #010 20141007114128474+1264 sha1:SZJZQ7O7PQB7T4V7SRSLLKKZD4JNLWMS - -
2014-10-07T11:41:38.032Z   200     668161 http://www.ifs.org.uk/publications/feed/wp L http://www.ifs.org.uk/publications/re text/html #023 20141007114136361+1592 sha1:UCOGUJ2AZPYSF6SE76XYCF6CCYFNETIQ - -
2014-10-07T11:41:48.589Z   200     805831 http://www.ifs.org.uk/publications/feed/tw L http://www.ifs.org.uk/publications/re text/html #023 20141007114146034+2396 sha1:64UZMWHTU3ZJV7KOWTUL4IDDOV5JPZPI - -
2014-10-07T11:42:00.904Z   200     136327 http://www.ifs.org.uk/uploads/images/fiscal_targets_sep14.jpg LE http://www.ifs.org.uk/publications/feed/tw image/jpeg #023 20141007114200592+304 sha1:7WXFXARET3PGBQGN23PBLYYX3NYYAYM6 - -
2014-10-07T11:42:04.211Z   200      25346 http://www.ifs.org.uk/uploads/images/graphs/product_reformulation.jpg LE http://www.ifs.org.uk/publications/feed/tw image/jpeg #023 20141007114203905+304 sha1:J6X35KMXAIV4ANCNOVPFAA2MUWLWLPJG - -
2014-10-07T11:42:09.127Z   200     516602 http://www.ifs.org.uk/publications/feed/pr L http://www.ifs.org.uk/publications/re text/html #023 20141007114207213+1843 sha1:TPIRTSEEYDQCJAJN22SKJHFIWDMRXIRS - -
2014-10-07T11:42:19.241Z   200     298468 http://www.ifs.org.uk/publications/feed/pf L http://www.ifs.org.uk/publications/re text/html #018 20141007114218514+699 sha1:GQNE23PMCKFH5UBM77MSUIRD4UMZQ7Z7 - -
2014-10-07T11:42:23.112Z   200      14970 http://www.ifs.org.uk/publications/fiscalStudies LL http://www.ifs.org.uk/publications/ text/html #010 20141007114222768+338 sha1:O3LD6L423NM6UA5ILE2EME24I6NSFU7M - -
2014-10-07T11:42:27.547Z   200      20980 http://www.ifs.org.uk/publications/7184 LL http://www.ifs.org.uk/publications/ text/html #010 20141007114226114+1425 sha1:KBR2ORMKRGJDCLIGWWE2UJL3FIBJGVDN - -
2014-10-07T11:42:35.781Z   200      19449 http://www.ifs.org.uk/publications/5353 LL http://www.ifs.org.uk/publications/ text/html #019 20141007114234833+940 sha1:NFYZJRMZC3IVGDTKPXMIG5WDEUG73TEY - -
2014-10-07T11:42:41.748Z   200      17454 http://www.ifs.org.uk/publications/wp LL http://www.ifs.org.uk/publications/ text/html #003 20141007114240519+1222 sha1:M33JDBO4B6SG6E5HVJ2MXIY63CCJHGYC - -
2014-10-07T11:42:48.419Z   200      14952 http://www.ifs.org.uk/publications/mirrleesreview/ LL http://www.ifs.org.uk/publications/ text/html #023 20141007114248135+278 sha1:P2EW3ISM6TR4ORA6RX6DO255YNEJDTT5 - -
2014-10-07T11:42:51.900Z   200      18258 http://www.ifs.org.uk/publications/bn LL http://www.ifs.org.uk/publications/ text/html #023 20141007114251421+473 sha1:MC63TA6ZLS3XL5NZ7MHWGWMZKZ6PCXGA - -
2014-10-07T11:42:55.421Z   200      19719 http://www.ifs.org.uk/publications/tw LL http://www.ifs.org.uk/publications/ text/html #023 20141007114254902+512 sha1:MEBZZLQQOLK525LPKHVTTVHEC3GWKCHD - -
2014-10-07T11:43:05.153Z   200      18453 http://www.ifs.org.uk/publications/ja LL http://www.ifs.org.uk/publications/ text/html #023 20141007114258422+6724 sha1:PLYUTNF4SKXBE54YAEFEI2FAUW5352KR - -
2014-10-07T11:43:40.079Z   200    2783309 http://www.ifs.org.uk/uploads/publications/comms/r96.pdf LL http://www.ifs.org.uk/publications/7274 application/pdf #023 20141007114335159+4795 sha1:F6A7X3AZHMFBFZCF4LPBEZJKNUJ2G23Y - -
2014-10-07T11:44:04.291Z   200        296 http://www.ifs.org.uk/publications/7274/bibTex LL http://www.ifs.org.uk/publications/7274 text/plain #023 20141007114404084+205 sha1:K6AVCOTN4UZDLZV3AA46EPIP4EA5BJDR - -
2014-10-07T11:44:07.654Z   200      16679 http://www.ifs.org.uk/publications/7275 LL http://www.ifs.org.uk/publications/7274 text/html #023 20141007114407292+356 sha1:LVNSAFDH2GO3Y33TNPSZSNFLD7DH4PZQ - -
2014-10-07T11:44:10.986Z   200      14469 http://www.ifs.org.uk/publications/7322 LL http://www.ifs.org.uk/publications/7274 text/html #023 20141007114410656+324 sha1:5272F46U5XEYLEZX6KLHNJKQ36JYWWHM - -
2014-10-07T11:44:14.380Z   200      16169 http://www.ifs.org.uk/publications/7280 LL http://www.ifs.org.uk/publications/7274 text/html #023 20141007114413988+386 sha1:WNPTHIWL45TJ426YGHC2U6RO5PPZCZXB - -
2014-10-07T11:44:17.744Z   200      16580 http://www.ifs.org.uk/publications/7281 LL http://www.ifs.org.uk/publications/7274 text/html #023 20141007114417381+357 sha1:IK65AFUJKPCEEXFEWXRYV245UHMGUT7R - -
2014-10-07T11:44:21.613Z   200      15712 http://www.ifs.org.uk/publications/7276 LL http://www.ifs.org.uk/publications/7274 text/html #023 20141007114420745+862 sha1:XUGXLW2MKA5ZAVVWR3KREDGLV2DXSMVS - -
2014-10-07T11:44:26.570Z   200      15882 http://www.ifs.org.uk/publications/7279 LL http://www.ifs.org.uk/publications/7274 text/html #018 20141007114426263+300 sha1:WHA2KBZUEELD5H4CKJ5MK7C4NHN6KX3S - -
2014-10-07T11:44:31.766Z   200    1213772 http://www.ifs.org.uk/uploads/publications/comms/r95.pdf LL http://www.ifs.org.uk/publications/7251 application/pdf #018 20141007114429571+2134 sha1:L74CRG5X4IF5C7CF36UENMCFPQKQ3TCZ - -
2014-10-07T11:44:43.010Z   200        326 http://www.ifs.org.uk/publications/7251/bibTex LL http://www.ifs.org.uk/publications/7251 text/plain #009 20141007114442541+468 sha1:V4QYUZLFRXTUS7QAQLCH7UESEAR5YA73 - -
2014-10-07T11:44:46.508Z   200      19691 http://www.ifs.org.uk/publications/7360 LL http://www.ifs.org.uk/publications/7251 text/html #009 20141007114446012+489 sha1:TWWDULWUZ2SYTM5KM3QQRO4GBGPFSUAA - -
2014-10-07T11:44:49.897Z   200      15386 http://www.ifs.org.uk/publications/7320 LL http://www.ifs.org.uk/publications/7251 text/html #009 20141007114449510+381 sha1:JVQKGX5ZUSJR7INRONRM3BGZGBDVQ2PK - -
2014-10-07T11:44:53.247Z   200      16789 http://www.ifs.org.uk/publications/7254 LL http://www.ifs.org.uk/publications/7251 text/html #009 20141007114452898+343 sha1:OWESHONIJA7JVUAWWWJJ7X7FMDCPGOQL - -
2014-10-07T11:44:57.055Z   200      18296 http://www.ifs.org.uk/publications/7253 LL http://www.ifs.org.uk/publications/7251 text/html #009 20141007114456249+800 sha1:WEDKKLMAPLCKUUAN32KM47MP3H7PDLAE - -
2014-10-07T11:45:01.485Z   200      18074 http://www.ifs.org.uk/publications/7252 LL http://www.ifs.org.uk/publications/7251 text/html #009 20141007114501057+422 sha1:IAGWGCF5LDBLJHI5F6R546DBV5RITRUF - -
2014-10-07T11:45:04.914Z   200      16991 http://www.ifs.org.uk/publications/7357 LL http://www.ifs.org.uk/publications/7251 text/html #009 20141007114504487+417 sha1:BNUP2X7K6C7T3VSKGEUBBUBJSSRBY3ZT - -
2014-10-07T11:45:08.594Z   200      17154 http://www.ifs.org.uk/publications/7359 LL http://www.ifs.org.uk/publications/7251 text/html #009 20141007114507916+671 sha1:Q2UML7O7FAUS2Y23TDUONWWCLLIBS5KV - -
2014-10-07T11:45:12.955Z   200      18371 http://www.ifs.org.uk/publications/7358 LL http://www.ifs.org.uk/publications/7251 text/html #001 20141007114512547+401 sha1:FDMS7XD3PBGMJI42JG64S5YZNMY3S6GN - -
2014-10-07T11:45:16.300Z   200      18084 http://www.ifs.org.uk/publications/7324 LL http://www.ifs.org.uk/publications/7251 text/html #001 20141007114515956+337 sha1:6I2UUK4OYGVAQMFMFJXJ6OX3V3VNKICU - -
2014-10-07T11:45:19.614Z   200      16957 http://www.ifs.org.uk/publications/7323 LL http://www.ifs.org.uk/publications/7251 text/html #001 20141007114519301+306 sha1:V63KLLBT2EYWTTJDEGZC7TFNKX5EOHL7 - -
2014-10-07T11:45:22.782Z   200        278 http://www.ifs.org.uk/publications/7175/bibTex LL http://www.ifs.org.uk/publications/7175 text/plain #001 20141007114522615+165 sha1:NZTQI7AB6L2XM5DY66V5NPYU33ZSEAHU - -
2014-10-07T11:45:26.251Z   200      13929 http://www.ifs.org.uk/publications/7178 LL http://www.ifs.org.uk/publications/7175 text/html #001 20141007114525783+463 sha1:734RS2JKTO2VTXOUSRHRBYVKZOQN5SIM - -
2014-10-07T11:45:29.625Z   200      14406 http://www.ifs.org.uk/publications/7269 LL http://www.ifs.org.uk/publications/7175 text/html #001 20141007114529253+366 sha1:LGN66FRVMHVJ67TSTZINSKFJE75KQ4KC - -
2014-10-07T11:45:32.949Z   200      15541 http://www.ifs.org.uk/publications/7256 LL http://www.ifs.org.uk/publications/7175 text/html #001 20141007114532626+317 sha1:5CCW6SMXYUQ2TCAF6CC4SDM7BKY5ORUT - -
2014-10-07T11:45:36.282Z   200      14331 http://www.ifs.org.uk/publications/7242 LL http://www.ifs.org.uk/publications/7175 text/html #001 20141007114535950+326 sha1:XNSDGAJLZJVFAS2BZ4EN4J3XGR6GOULJ - -
2014-10-07T11:45:39.720Z   200      14534 http://www.ifs.org.uk/publications/7235 LL http://www.ifs.org.uk/publications/7175 text/html #001 20141007114539283+432 sha1:E3ZAWU54AQASYSDYQ2QSDQMJYE4YGMPR - -
2014-10-07T11:45:42.977Z   200      13600 http://www.ifs.org.uk/publications/7200 LL http://www.ifs.org.uk/publications/7175 text/html #001 20141007114542722+249 sha1:NL34IU7PNW3MJKGWDGHFMXRI5S3MSQE2 - -
2014-10-07T11:45:46.126Z   200        308 http://www.ifs.org.uk/publications/7165/bibTex LL http://www.ifs.org.uk/publications/7165 text/plain #001 20141007114545978+147 sha1:VIJZXUJKSWR6BORAAUTEEXDYQMP6ANLA - -
2014-10-07T11:45:49.282Z   200        305 http://www.ifs.org.uk/publications/7130/bibTex LL http://www.ifs.org.uk/publications/7130 text/plain #001 20141007114549128+152 sha1:GJQVGNSPQKOUVUC7Q4LZRRLOKSEI2X7F - -
2014-10-07T11:45:53.072Z   200      18437 http://www.ifs.org.uk/publications/7329 LL http://www.ifs.org.uk/publications/7130 text/html #001 20141007114552283+783 sha1:YVKCB5E2NCZY37ZZPRUMFH7KCU7T64WP - -
2014-10-07T11:45:57.333Z   200      15304 http://www.ifs.org.uk/publications/7378 LL http://www.ifs.org.uk/publications/7130 text/html #001 20141007114557074+253 sha1:GH4CYWH64RW6MFV3JSYKZUQM2KDGZW6J - -
2014-10-07T11:46:00.703Z   200      16918 http://www.ifs.org.uk/publications/7333 LL http://www.ifs.org.uk/publications/7130 text/html #001 20141007114600335+361 sha1:UBDMWNYFV3X7RVTSUKRUWJATSQNEW3E7 - -
2014-10-07T11:46:04.021Z   200      13628 http://www.ifs.org.uk/publications/7264 LL http://www.ifs.org.uk/publications/7130 text/html #001 20141007114603705+310 sha1:RWTFS3WGMEKTOR4X4JAAZHJ4ZCVLULVG - -
2014-10-07T11:46:07.311Z   200      14562 http://www.ifs.org.uk/publications/7245 LL http://www.ifs.org.uk/publications/7130 text/html #001 20141007114607022+283 sha1:2SGNMYQMNYX2IEND7DKW5E4VJTRXMF4D - -
2014-10-07T11:46:10.646Z   200      13648 http://www.ifs.org.uk/publications/7233 LL http://www.ifs.org.uk/publications/7130 text/html #001 20141007114610312+329 sha1:LT5XPGD6N4EX4RKQGBTQAPU2WAWVZYOZ - -
2014-10-07T11:46:14.538Z   200      23087 http://www.ifs.org.uk/publications/7072 LL http://www.ifs.org.uk/publications/re?page=2 text/html #001 20141007114613648+882 sha1:UAKNLAEKMJ4E4X7BOEMXGU7SBGVK3EMD - -
2014-10-07T11:46:19.979Z   200      15535 http://www.ifs.org.uk/publications/7057 LL http://www.ifs.org.uk/publications/re?page=2 text/html #001 20141007114619540+433 sha1:KH3M4NQPORAEAMUE3EYTHMHED4ZLIMJY - -
2014-10-07T11:46:23.501Z   200      21563 http://www.ifs.org.uk/publications/7007 LL http://www.ifs.org.uk/publications/re?page=2 text/html #001 20141007114622981+508 sha1:OREWK2RKW5CCNZHVDWFCLHHB2H7WGUIN - -
2014-10-07T11:46:26.939Z   200      19069 http://www.ifs.org.uk/publications/6952 LL http://www.ifs.org.uk/publications/re?page=2 text/html #001 20141007114626502+431 sha1:GR55QBXOYJ24QMB6UNWIPUDHE5JVKCTD - -
2014-10-07T11:46:30.258Z   200      15750 http://www.ifs.org.uk/publications/6907 LL http://www.ifs.org.uk/publications/re?page=2 text/html #001 20141007114629941+311 sha1:K6TTXY6RNX5AVH5VYI5BZ3HF4WZDPR55 - -
2014-10-07T11:46:33.839Z   200      17863 http://www.ifs.org.uk/publications/re?page=1 LL http://www.ifs.org.uk/publications/re?page=2 text/html #001 20141007114633260+572 sha1:QRHAI3UU5DWAW5T2VK4VP2FWQ4GRJN2V - -
2014-10-07T11:46:37.103Z   200      16139 http://www.ifs.org.uk/publications/6916 LL http://www.ifs.org.uk/publications/re?page=3 text/html #001 20141007114636840+257 sha1:OTUTSV326B2R4VSHG2S52BVBUVYR7EPS - -
2014-10-07T11:46:40.914Z   200      18017 http://www.ifs.org.uk/publications/6915 LL http://www.ifs.org.uk/publications/re?page=3 text/html #001 20141007114640104+803 sha1:G5C7P6MT2PCHRS33ONIVZQLVCTS644YE - -
2014-10-07T11:46:46.199Z   200      16135 http://www.ifs.org.uk/publications/6908 LL http://www.ifs.org.uk/publications/re?page=3 text/html #007 20141007114645564+628 sha1:V226IM7X4GCNZKUU4VXEHNJZQRR2ITB2 - -
2014-10-07T11:46:49.865Z   200      15916 http://www.ifs.org.uk/publications/6867 LL http://www.ifs.org.uk/publications/re?page=3 text/html #013 20141007114649564+295 sha1:SNJ4T3U5BYQEX3KTGTVYIV6STCTUXE4C - -
2014-10-07T11:46:53.147Z   200      18880 http://www.ifs.org.uk/publications/6796 LL http://www.ifs.org.uk/publications/re?page=3 text/html #013 20141007114652867+273 sha1:C2PJEPDEOJVP5MVZVEPBSDANF6ZJ3VAQ - -
2014-10-07T11:46:56.571Z   200      18600 http://www.ifs.org.uk/publications/6759 LL http://www.ifs.org.uk/publications/re?page=4 text/html #013 20141007114656148+416 sha1:LAV55J4EVW5BF25LFNEQE2CFRJBQUYTM - -
2014-10-07T11:46:59.866Z   200      17899 http://www.ifs.org.uk/publications/6686 LL http://www.ifs.org.uk/publications/re?page=4 text/html #013 20141007114659572+287 sha1:HLCN7U7T2HDBY7IWIOY6ZHCBSQ2QCVXV - -
2014-10-07T11:47:03.186Z   200      15326 http://www.ifs.org.uk/publications/6668 LL http://www.ifs.org.uk/publications/re?page=4 text/html #013 20141007114702867+313 sha1:T3EWAJSSQOYKSUYXMGK4AXG7WV4CTWHD - -
2014-10-07T11:47:07.325Z   200      14619 http://www.ifs.org.uk/publications/6641 LL http://www.ifs.org.uk/publications/re?page=4 text/html #013 20141007114706187+1132 sha1:BW7BKU7YHG6QXTPMQALV6GKC5GHLKJ2N - -
2014-10-07T11:47:13.474Z   200      16322 http://www.ifs.org.uk/publications/6640 LL http://www.ifs.org.uk/publications/re?page=4 text/html #007 20141007114713204+264 sha1:O7QHLWI6J5UTTSPZ7R3HJOWGCTLIW4LZ - -
2014-10-07T11:47:17.013Z   200      17837 http://www.ifs.org.uk/publications/re?page=6 LL http://www.ifs.org.uk/publications/re?page=4 text/html #007 20141007114716476+530 sha1:P7CDMRFPXZQWLFWCF6WQZHUNCKVGY2N4 - -
2014-10-07T11:47:20.562Z   200      15380 http://www.ifs.org.uk/publications/6621 LL http://www.ifs.org.uk/publications/re?page=5 text/html #007 20141007114720015+541 sha1:4NV4HTVQZJ7S5M7K3BYGRZAYSK3NMPS5 - -
2014-10-07T11:47:23.904Z   200      18139 http://www.ifs.org.uk/publications/6586 LL http://www.ifs.org.uk/publications/re?page=5 text/html #007 20141007114723563+335 sha1:3EZ3HIISGANK5Q5JGUQJGKXM3ZIGKNQL - -
2014-10-07T11:47:27.993Z   200      22394 http://www.ifs.org.uk/publications/6562 LL http://www.ifs.org.uk/publications/re?page=5 text/html #007 20141007114726905+1080 sha1:ICMUBFSATHOQ2XTFUWD2QKKBQCG7EXH2 - -
2014-10-07T11:47:34.146Z   200      16537 http://www.ifs.org.uk/publications/6470 LL http://www.ifs.org.uk/publications/re?page=5 text/html #025 20141007114733572+568 sha1:TWVZ6SA3UAIY6BMBSZE35PVJSOCTCSS5 - -
2014-10-07T11:47:37.450Z   200      23287 http://www.ifs.org.uk/publications/6403 LL http://www.ifs.org.uk/publications/re?page=5 text/html #025 20141007114737148+294 sha1:7TGGB365XMLEIIM3Z5URNRIN2C53B4DS - -
2014-10-07T11:47:40.979Z   200      18077 http://www.ifs.org.uk/publications/re?page=7 LL http://www.ifs.org.uk/publications/re?page=5 text/html #025 20141007114740451+517 sha1:QQHSAD4KTGJYOBWIS3ILN6M37W5VNCM6 - -
2014-10-07T11:47:44.244Z   200      13621 http://www.ifs.org.uk/publications/5614 LL http://www.ifs.org.uk/publications/re?page=33 text/html #025 20141007114743981+257 sha1:QVBFUX2T7J3H6G7GVUXO24P72GQ3QP6J - -
2014-10-07T11:47:47.723Z   200      13116 http://www.ifs.org.uk/publications/5608 LL http://www.ifs.org.uk/publications/re?page=33 text/html #025 20141007114747245+473 sha1:H27Z2LWOGFUPHVB7JZJX3SQMFFYROSC6 - -
2014-10-07T11:47:50.981Z   200      13639 http://www.ifs.org.uk/publications/3779 LL http://www.ifs.org.uk/publications/re?page=33 text/html #025 20141007114750725+250 sha1:6YVNT6BGS6VN6ZMKRHEKZIJUWNL4QQ6G - -
2014-10-07T11:47:54.239Z   200      13961 http://www.ifs.org.uk/publications/3780 LL http://www.ifs.org.uk/publications/re?page=33 text/html #025 20141007114753982+251 sha1:3SI7WWQHPGKCYO4PUWEM7RWVJAJM5OE5 - -
2014-10-07T11:47:57.948Z   200      17152 http://www.ifs.org.uk/publications/re?page=32 LL http://www.ifs.org.uk/publications/re?page=33 text/html #025 20141007114757241+700 sha1:2WXH3YDPQLDQPOFO7JZIQQ7CDJL7O2I2 - -
2014-10-07T11:48:02.192Z   200      17163 http://www.ifs.org.uk/publications/re?page=29 LL http://www.ifs.org.uk/publications/re?page=33 text/html #016 20141007114801577+608 sha1:IARVCIK2FPLFIBTQNZ37BSMSNSSUP7JP - -
2014-10-07T11:48:06.019Z   200      16930 http://www.ifs.org.uk/publications/re?page=30 LL http://www.ifs.org.uk/publications/re?page=33 text/html #013 20141007114805335+677 sha1:2NUNT2VCLVZYGRYRNRJ2T5OGHJCPXLP3 - -
2014-10-07T11:48:10.138Z   200      16930 http://www.ifs.org.uk/publications/re?page=31 LL http://www.ifs.org.uk/publications/re?page=33 text/html #015 20141007114809578+553 sha1:TEC224BHHAPNFPBWKUB4EQF4QXC35FFT - -
2014-10-07T11:48:14.050Z   200     374609 http://www.ifs.org.uk/uploads/publications/wps/WP201426.pdf LL http://www.ifs.org.uk/publications/7389 application/pdf #015 20141007114813140+890 sha1:QTSQDVJIHCMIPETQMXKU5MVFFGZXBU77 - -
2014-10-07T11:48:19.908Z   200        293 http://www.ifs.org.uk/publications/7389/bibTex LL http://www.ifs.org.uk/publications/7389 text/plain #006 20141007114818579+1328 sha1:3CFQUKL44M3O7BDJSVO26MMI3LRG2HK6 - -
2014-10-07T11:48:27.252Z   200     437352 http://www.ifs.org.uk/uploads/publications/wps/WP201424.pdf LL http://www.ifs.org.uk/publications/7387 application/pdf #005 20141007114826581+649 sha1:ACNP4I4KF3P5KOD3GLK36JXNYTZYNHCH - -
2014-10-07T11:48:30.739Z   200        252 http://www.ifs.org.uk/publications/7387/bibTex LL http://www.ifs.org.uk/publications/7387 text/plain #017 20141007114830581+157 sha1:KZZM3S47466JE5UCUZ2LDJRPCLWEKUWH - -
2014-10-07T11:48:34.573Z   200     340019 http://www.ifs.org.uk/uploads/publications/wps/WP201425.pdf LL http://www.ifs.org.uk/publications/7388 application/pdf #017 20141007114833741+815 sha1:G74K3BO4QTT43CWLARYQ2PYD5FDGNS7K - -
2014-10-07T11:48:38.798Z   200        251 http://www.ifs.org.uk/publications/7388/bibTex LL http://www.ifs.org.uk/publications/7388 text/plain #023 20141007114838652+145 sha1:6YRUBHBQPKYJ6BLEEPDSCRO5PAPZXG4S - -
2014-10-07T11:48:42.590Z   200     426532 http://www.ifs.org.uk/uploads/publications/wps/WP201428.pdf LL http://www.ifs.org.uk/publications/7392 application/pdf #023 20141007114841800+768 sha1:VE3R6OUYMNUINQGF7EQSEE5KTV7O52YY - -
2014-10-07T11:48:46.726Z   200        276 http://www.ifs.org.uk/publications/7392/bibTex LL http://www.ifs.org.uk/publications/7392 text/plain #017 20141007114846576+149 sha1:D3GLPZT7PJ7ZFA3MQB2QYUQCR5D2VLWP - -
2014-10-07T11:48:52.830Z   200     748947 http://www.ifs.org.uk/uploads/publications/wps/WP201427.pdf LL http://www.ifs.org.uk/publications/7390 application/pdf #017 20141007114849728+3064 sha1:YPAXNMR5MF7NL4GSMB6CNYFE264Y74Y2 - -
2014-10-07T11:49:08.388Z   200        288 http://www.ifs.org.uk/publications/7390/bibTex LL http://www.ifs.org.uk/publications/7390 text/plain #016 20141007114908203+184 sha1:OAUSM3MQ4VOWXJCZF5M7JDJEFOVXD76G - -
2014-10-07T11:49:16.304Z   200    2860413 http://www.ifs.org.uk/uploads/publications/bns/bn150.docx LL http://www.ifs.org.uk/publications/feed/bn application/vnd.openxmlformats-officedocument.wordprocessingml.document #016 20141007114911390+4776 sha1:UJ2HFGAVGQJOPLKLAFWAJH7L3PYH3WHE - -
2014-10-07T11:49:42.086Z   200    1165048 http://www.ifs.org.uk/uploads/publications/bns/bn150welsh.pdf LL http://www.ifs.org.uk/publications/feed/bn application/pdf #005 20141007114940264+1764 sha1:MKPUPAIXC6FAR4JQFC3ULIYVLWVC7X2W - -
2014-10-07T11:49:51.389Z   200     291055 http://www.ifs.org.uk/uploads/publications/bns/bn150welsh.docx LL http://www.ifs.org.uk/publications/feed/bn application/vnd.openxmlformats-officedocument.wordprocessingml.document #006 20141007114950923+450 sha1:Q4PKEV3ILL6PXGYKC7VKQBJGRR7K2RCY - -
2014-10-07T11:49:55.908Z   200      33549 http://www.ifs.org.uk/uploads/publications/bns/bn148data.xlsx LL http://www.ifs.org.uk/publications/feed/bn application/vnd.openxmlformats-officedocument.spreadsheetml.sheet #006 20141007114954390+1516 sha1:7Q3USE5RWXCG43IPZZM5R472XQNJ24OP - -
2014-10-07T11:50:04.768Z   200      21952 http://www.ifs.org.uk/publications/7206 LL http://www.ifs.org.uk/publications/feed/bn text/html #021 20141007115003596+1165 sha1:Y4TP3VTOIVQPFIRHBMUC7QHZILRY5FPH - -
2014-10-07T11:50:10.905Z   200      23607 http://www.ifs.org.uk/publications/7199 LL http://www.ifs.org.uk/publications/feed/bn text/html #022 20141007115010597+301 sha1:ZPQOWRVIDKX5TBR7UH57Q6QT4RFLYPI5 - -
2014-10-07T11:50:14.656Z   200      21075 http://www.ifs.org.uk/publications/6645 LL http://www.ifs.org.uk/publications/feed/bn text/html #022 20141007115013906+743 sha1:H3RVISYCFSGTTIUQ3Q263WJF47DOJ72U - -
2014-10-07T11:50:18.932Z   200      15432 http://www.ifs.org.uk/publications/6647 LL http://www.ifs.org.uk/publications/feed/bn text/html #011 20141007115018598+328 sha1:66JDBW3JQHTS6QXI67UGIMAJTFINZORZ - -
2014-10-07T11:50:22.224Z   200      20006 http://www.ifs.org.uk/publications/6612 LL http://www.ifs.org.uk/publications/feed/bn text/html #011 20141007115021933+285 sha1:RDPO2OYK3GDQZ2XCM7PPGMMHIJNTHLJE - -
2014-10-07T11:50:25.425Z   200      63206 http://www.ifs.org.uk/uploads/publications/bns/bn34_spending_August_14-1.xlsx LL http://www.ifs.org.uk/publications/feed/bn application/vnd.openxmlformats-officedocument.spreadsheetml.sheet #011 20141007115025226+195 sha1:OVG5USYZZNGG6WADRO2OQ2F3F7ZEXPOB - -
2014-10-07T11:50:28.761Z   200      19158 http://www.ifs.org.uk/publications/6622 LL http://www.ifs.org.uk/publications/feed/wp text/html #011 20141007115028426+324 sha1:4E32YB5C7KLURI3UOVWNWYWSGDGCRDCQ - -
2014-10-07T11:50:32.301Z   200      16283 http://www.ifs.org.uk/publications/6140 LL http://www.ifs.org.uk/publications/feed/wp text/html #011 20141007115031763+532 sha1:VGATJTKQUI6X4ARONHER53AYC3IKJ2PO - -
2014-10-07T11:50:35.803Z   200      15653 http://www.ifs.org.uk/publications/7215 LL http://www.ifs.org.uk/publications/feed/tw text/html #011 20141007115035303+494 sha1:DG2P7GQM4HTIQXU7KNMY5XCUNYJJVV6U - -
2014-10-07T11:50:39.065Z   200      16316 http://www.ifs.org.uk/publications/6858 LL http://www.ifs.org.uk/publications/feed/tw text/html #011 20141007115038804+255 sha1:3YKF2X3ETA66GRXHS2PEWEVTS7RE3J4O - -
2014-10-07T11:50:42.348Z   200      16114 http://www.ifs.org.uk/publications/7229 LL http://www.ifs.org.uk/publications/feed/tw text/html #011 20141007115042066+276 sha1:RO7SXCL4FUUWQ7UDTH3R3QZIKN6PSW3R - -
2014-10-07T11:50:46.674Z   200     434593 http://www.ifs.org.uk/uploads/publications/wps/wp201415.pdf LL http://www.ifs.org.uk/publications/feed/tw application/pdf #011 20141007115045349+1303 sha1:ZNMZEVRD4IVGHSHG7SRHPSMMAUPNFVQE - -
2014-10-07T11:50:54.070Z   200      24809 http://www.ifs.org.uk/publications/7124 LL http://www.ifs.org.uk/publications/feed/tw text/html #016 20141007115053319+744 sha1:HLJYJF36ZXKT2PDHTNC2IBVLZRS2TJAB - -
2014-10-07T11:50:58.417Z   200      16509 http://www.ifs.org.uk/publications/7205 LL http://www.ifs.org.uk/publications/feed/tw text/html #003 20141007115057829+583 sha1:BXWYZM6NX37CIKNERVPKQJYGRE4WM6TU - -
2014-10-07T11:51:01.686Z   200      14731 http://www.ifs.org.uk/publications/7203 LL http://www.ifs.org.uk/publications/feed/tw text/html #003 20141007115101419+262 sha1:SPFZ45NZOV6I6IQO2I6FD5E627W6OVW3 - -
2014-10-07T11:51:04.955Z   200      15241 http://www.ifs.org.uk/publications/7198 LL http://www.ifs.org.uk/publications/feed/tw text/html #003 20141007115104688+261 sha1:ODQ3PAKN3S2C47G4QQOKAJJ7TOJ4MEQL - -
2014-10-07T11:51:08.435Z   200      16407 http://www.ifs.org.uk/publications/7125 LL http://www.ifs.org.uk/publications/feed/tw text/html #003 20141007115107957+472 sha1:4CNX6LE7IB5O65MUBKLJC4EB2OCOHKQG - -
2014-10-07T11:51:12.970Z   200      14882 http://www.ifs.org.uk/publications/7008 LL http://www.ifs.org.uk/publications/feed/tw text/html #003 20141007115111436+1528 sha1:ZJNSQ6IRQBOAM4PJZRMBAFRBQBX3LM4U - -
2014-10-07T11:51:21.260Z   200      21504 http://www.ifs.org.uk/publications/6869 LL http://www.ifs.org.uk/publications/feed/tw text/html #023 20141007115120613+641 sha1:QTZWY7PH6ULOPR5N3QWF5Q32CKAXJOJS - -
2014-10-07T11:51:25.613Z   200      15352 http://www.ifs.org.uk/publications/6929 LL http://www.ifs.org.uk/publications/feed/tw text/html #024 20141007115124609+998 sha1:SRUATVR7MVOUUCXYQAINE7AE44COBC4Z - -
2014-10-07T11:51:30.990Z   200      19720 http://www.ifs.org.uk/publications/5362 LL http://www.ifs.org.uk/publications/feed/tw text/html #020 20141007115130610+374 sha1:TLVITHBEJZCZOBJBWI6NXRBFPWG5DMP2 - -
2014-10-07T11:51:34.285Z   200      15849 http://www.ifs.org.uk/publications/5361 LL http://www.ifs.org.uk/publications/feed/tw text/html #020 20141007115133992+288 sha1:BJ2MRYYVL3LTGLU6BTIQFNDRXVPGZZIE - -
2014-10-07T11:51:37.886Z   200      15217 http://www.ifs.org.uk/publications/6865 LL http://www.ifs.org.uk/publications/feed/tw text/html #020 20141007115137287+593 sha1:3RFQP5A4S4UHYHRIOTVFIND3WHXYLX4P - -
2014-10-07T11:51:41.794Z   200      17385 http://www.ifs.org.uk/publications/4856 LL http://www.ifs.org.uk/publications/feed/tw text/html #020 20141007115140887+900 sha1:DMFV3O2ZPKWQ44PKZSQFHE5DNVRYBOO5 - -
2014-10-07T11:51:47.069Z   200      20189 http://www.ifs.org.uk/publications/6457 LL http://www.ifs.org.uk/publications/feed/tw text/html #014 20141007115146614+449 sha1:LIKGBCT52Y6HH4FR5C2QWYLYHXEFCT3R - -
2014-10-07T11:51:50.342Z   200      15824 http://www.ifs.org.uk/publications/6728 LL http://www.ifs.org.uk/publications/feed/tw text/html #014 20141007115150070+267 sha1:SZUSBJ63PLQASREB5L5AKRY23FYBX7JM - -
2014-10-07T11:51:53.812Z   200      20201 http://www.ifs.org.uk/publications/5709 LL http://www.ifs.org.uk/publications/feed/tw text/html #014 20141007115153344+462 sha1:22R3N26KQRUFLAAF4E7A3RUPT6ZCCDRP - -
2014-10-07T11:51:57.643Z   200      17975 http://www.ifs.org.uk/publications/5674 LL http://www.ifs.org.uk/publications/feed/tw text/html #014 20141007115156814+818 sha1:E5XULGYN7WVFNMBRKQECYJVONY6BY7FR - -
2014-10-07T11:52:02.066Z   200      19101 http://www.ifs.org.uk/publications/6410 LL http://www.ifs.org.uk/publications/feed/tw text/html #021 20141007115201786+274 sha1:AY6DXBS4DGG3MDFWEJRZFJ5GQ3SFG26C - -
2014-10-07T11:52:05.334Z   200      17413 http://www.ifs.org.uk/publications/6663 LL http://www.ifs.org.uk/publications/feed/tw text/html #021 20141007115205068+260 sha1:LYOMNHN6AVJNBFDIIFXMZ7IYZGI3SS77 - -
2014-10-07T11:52:08.663Z   200      14205 http://www.ifs.org.uk/publications/6651 LL http://www.ifs.org.uk/publications/feed/tw text/html #021 20141007115208335+323 sha1:DB2AXMFFWO3HPVW724Q24JFECOYPHREE - -
2014-10-07T11:52:11.992Z   200      16255 http://www.ifs.org.uk/publications/6560 LL http://www.ifs.org.uk/publications/feed/tw text/html #021 20141007115211665+321 sha1:ILWQDHFVJOJVLJMVYHELGJMLRCYYVVFA - -
2014-10-07T11:52:15.306Z   200      14891 http://www.ifs.org.uk/publications/6456 LL http://www.ifs.org.uk/publications/feed/tw text/html #021 20141007115214993+307 sha1:IFSUI737H4XY7I3HYIHLGMEJ6SVRO3RE - -
2014-10-07T11:52:18.582Z   200      17493 http://www.ifs.org.uk/publications/6183 LL http://www.ifs.org.uk/publications/feed/tw text/html #021 20141007115218307+269 sha1:UH5LY5CX3T6QISZBKJYMYJYO5WFMU6LV - -
2014-10-07T11:52:21.848Z   200      19386 http://www.ifs.org.uk/publications/6012 LL http://www.ifs.org.uk/publications/feed/tw text/html #021 20141007115221583+259 sha1:KPHLX6GMQJHMRJFB7HVWTADA3CF6YBGX - -
2014-10-07T11:52:25.253Z   200      19013 http://www.ifs.org.uk/publications/6220 LL http://www.ifs.org.uk/publications/feed/tw text/html #021 20141007115224849+398 sha1:IUK4M26ZYG367OWVYM3LNAQUC4ZDGWU6 - -
2014-10-07T11:52:28.579Z   200      17073 http://www.ifs.org.uk/publications/5603 LL http://www.ifs.org.uk/publications/feed/tw text/html #021 20141007115228255+318 sha1:TRH67244G436VTL2B7AOOUC37WZXSR4V - -
2014-10-07T11:52:31.890Z   200      16114 http://www.ifs.org.uk/publications/5650 LL http://www.ifs.org.uk/publications/feed/tw text/html #021 20141007115231581+303 sha1:X2L7N3GCNRPVDV6SNFW7544VKBOEVAB2 - -
2014-10-07T11:52:35.684Z   200      15546 http://www.ifs.org.uk/publications/6228 LL http://www.ifs.org.uk/publications/feed/tw text/html #021 20141007115234891+787 sha1:YEU6VYXYDF7Y7CPW7TXRPSPRAMN7DXRG - -
2014-10-07T11:52:39.917Z   200      16819 http://www.ifs.org.uk/publications/6175 LL http://www.ifs.org.uk/publications/feed/tw text/html #012 20141007115239622+289 sha1:47EZ7SGVRNICWKZBAXPY2MQVRHIKCK2U - -
2014-10-07T11:52:43.344Z   200      16128 http://www.ifs.org.uk/publications/5303 LL http://www.ifs.org.uk/publications/feed/tw text/html #012 20141007115242919+419 sha1:E3XMGFSLLKIANLBHTK4VW343KNPQW2HE - -
2014-10-07T11:52:46.737Z   200      16570 http://www.ifs.org.uk/publications/4807 LL http://www.ifs.org.uk/publications/feed/tw text/html #012 20141007115246346+385 sha1:FZAFOBDFNNHKCIHXETYREXZ24TWHIFDG - -
2014-10-07T11:52:50.049Z   200      16328 http://www.ifs.org.uk/publications/6172 LL http://www.ifs.org.uk/publications/feed/tw text/html #012 20141007115249739+304 sha1:JYQZEUTYGIIVMJJGLX6U6LGHG6IGZQ6I - -
2014-10-07T11:52:53.451Z   200      17814 http://www.ifs.org.uk/publications/5711 LL http://www.ifs.org.uk/publications/feed/tw text/html #012 20141007115253051+393 sha1:EFGYVD77ITKVBW6WAARV64Z4JFGOY5KC - -
2014-10-07T11:52:57.551Z   200      16410 http://www.ifs.org.uk/publications/4345 LL http://www.ifs.org.uk/publications/feed/tw text/html #012 20141007115256452+1093 sha1:OC6AAMDNAYD2CIKAEAB4ZL5AR22AWSB5 - -
2014-10-07T11:53:04.340Z   200      17001 http://www.ifs.org.uk/publications/5922 LL http://www.ifs.org.uk/publications/feed/tw text/html #007 20141007115303041+1293 sha1:FAKNZJJ6J6LRQKG5LATWGOOB3SIRNYFS - -
2014-10-07T11:53:11.069Z   200      18611 http://www.ifs.org.uk/publications/4462 LL http://www.ifs.org.uk/publications/feed/tw text/html #020 20141007115310807+248 sha1:SVQB2O6RPN6CCUJJ6UUFRPFJCVXXX3WB - -
2014-10-07T11:53:14.402Z   200      15865 http://www.ifs.org.uk/publications/5410 LL http://www.ifs.org.uk/publications/feed/tw text/html #020 20141007115314071+325 sha1:JAOXMVRDNWUH6N256SLPFUX6GRXWYJ6T - -
2014-10-07T11:53:17.663Z   200      15553 http://www.ifs.org.uk/publications/5376 LL http://www.ifs.org.uk/publications/feed/tw text/html #020 20141007115317403+254 sha1:KIF72JROFV6GYTLJ2CZTZC5K23K2N4EY - -
2014-10-07T11:53:20.913Z   200      14109 http://www.ifs.org.uk/publications/5708 LL http://www.ifs.org.uk/publications/feed/tw text/html #020 20141007115320664+243 sha1:4CQJ5Z56T454KECGASVLDRH66PRS3HPJ - -
2014-10-07T11:53:24.168Z   200      17221 http://www.ifs.org.uk/publications/5646 LL http://www.ifs.org.uk/publications/feed/tw text/html #020 20141007115323914+248 sha1:CKISKJ3LVOC4HJXDPM62GXHQ5KTX3YAO - -
2014-10-07T11:53:27.704Z   200      14297 http://www.ifs.org.uk/publications/5524 LL http://www.ifs.org.uk/publications/feed/tw text/html #020 20141007115327169+530 sha1:ISNEH5K2N22ZORNDHROLNGX55V2LO2G5 - -
2014-10-07T11:53:31.191Z   200      14529 http://www.ifs.org.uk/publications/5610 LL http://www.ifs.org.uk/publications/feed/tw text/html #020 20141007115330706+479 sha1:GKJ3THTENVRDJX5PFXAGSJCHM7QYENDT - -
2014-10-07T11:53:35.356Z   200      23198 http://www.ifs.org.uk/publications/5299 LL http://www.ifs.org.uk/publications/feed/tw text/html #020 20141007115334192+1158 sha1:UESO3WYCFBROWPH2FZNOU2BWFCTLB5IB - -
2014-10-07T11:53:41.585Z   200      17366 http://www.ifs.org.uk/publications/5584 LL http://www.ifs.org.uk/publications/feed/tw text/html #023 20141007115341282+297 sha1:5L6MBG6ATZHCGT7DCAIUXZSJUVFDMG4V - -
2014-10-07T11:53:44.871Z   200      16520 http://www.ifs.org.uk/publications/5367 LL http://www.ifs.org.uk/publications/feed/tw text/html #023 20141007115344587+278 sha1:6C5WEP7U2E6R7EGLEUTFJUJCNUQJBP74 - -
2014-10-07T11:53:48.189Z   200      15578 http://www.ifs.org.uk/publications/1718 LL http://www.ifs.org.uk/publications/feed/tw text/html #023 20141007115347872+312 sha1:ZVRIMHH53XQFR4NVDCL6AJ5AGQUQUYLV - -
2014-10-07T11:53:51.792Z   200      15367 http://www.ifs.org.uk/publications/5209 LL http://www.ifs.org.uk/publications/feed/tw text/html #023 20141007115351191+596 sha1:GU475ESSKVEWTHJR4ODIUNU5MN7IKXIS - -
2014-10-07T11:53:55.131Z   200      17038 http://www.ifs.org.uk/publications/5952 LL http://www.ifs.org.uk/publications/feed/tw text/html #023 20141007115354794+331 sha1:KCQIBDG7EFJ4EV4RKETLB6P5MPOOSFLJ - -
2014-10-07T11:53:58.409Z   200      16028 http://www.ifs.org.uk/publications/5304 LL http://www.ifs.org.uk/publications/feed/tw text/html #023 20141007115358132+272 sha1:2WW6CUK33NP5YHL6ZSYC2QBPSI4AH4Q5 - -
2014-10-07T11:54:02.333Z   200      15733 http://www.ifs.org.uk/publications/4129 LL http://www.ifs.org.uk/publications/feed/tw text/html #023 20141007115401411+917 sha1:GXLL66NZZUPHYTF2UVQ6RGZQEWRFFGBE - -
2014-10-07T11:54:07.233Z   200      20967 http://www.ifs.org.uk/publications/5307 LL http://www.ifs.org.uk/publications/feed/tw text/html #006 20141007115406946+281 sha1:AZRNJV4SG6M6ZPUYYOYYMONQVNKEJHAY - -
2014-10-07T11:54:10.612Z   200      16964 http://www.ifs.org.uk/publications/5246 LL http://www.ifs.org.uk/publications/feed/tw text/html #006 20141007115410235+371 sha1:NZI5QSBRWY7PWYLIETW2EPKWH5EEWTGQ - -
2014-10-07T11:54:14.237Z   200      14440 http://www.ifs.org.uk/publications/5234 LL http://www.ifs.org.uk/publications/feed/tw text/html #006 20141007115413613+619 sha1:7NHSBOFI7Q56UWGGHX2PUJW4ZHDA6IEA - -
2014-10-07T11:54:18.224Z   200      17416 http://www.ifs.org.uk/publications/5297 LL http://www.ifs.org.uk/publications/feed/tw text/html #023 20141007115417336+882 sha1:UFWU5NOQC6PHFFXQBHF7F2W22ABRNYEH - -
2014-10-07T11:54:23.229Z   200      16579 http://www.ifs.org.uk/publications/5217 LL http://www.ifs.org.uk/publications/feed/tw text/html #002 20141007115422637+586 sha1:3KQPTXZNO2Q37OA76HMWJGDKWDAAJ4U3 - -
2014-10-07T11:54:26.662Z   200      16051 http://www.ifs.org.uk/publications/4837 LL http://www.ifs.org.uk/publications/feed/tw text/html #002 20141007115426230+422 sha1:SHX24XV2QMS463LJ7U7QQ7CWEK7OEMDI - -
2014-10-07T11:54:30.125Z   200      20826 http://www.ifs.org.uk/publications/4854 LL http://www.ifs.org.uk/publications/feed/tw text/html #002 20141007115429663+456 sha1:HUIKHE24DQCAO36QXCB2SDRZCEN5ABEA - -
2014-10-07T11:54:33.871Z   200      14651 http://www.ifs.org.uk/publications/5172 LL http://www.ifs.org.uk/publications/feed/tw text/html #002 20141007115433127+738 sha1:544KNBWB4RBRJVAZQO6ENX3LSFDCP3TA - -
2014-10-07T11:54:37.849Z   200      16738 http://www.ifs.org.uk/publications/4848 LL http://www.ifs.org.uk/publications/feed/tw text/html #012 20141007115437566+277 sha1:HMO3GDKJ7SFNC5ASOT2JDCVQ7FXV3TWM - -
2014-10-07T11:54:41.284Z   200      19270 http://www.ifs.org.uk/publications/4558 LL http://www.ifs.org.uk/publications/feed/tw text/html #012 20141007115440851+427 sha1:AVP6NCDJY5TVWOGYNAMWIYV2DKQKSZCA - -
2014-10-07T11:54:45.558Z   200      17511 http://www.ifs.org.uk/publications/4613 LL http://www.ifs.org.uk/publications/feed/tw text/html #012 20141007115444285+1268 sha1:NGDX6YRGRVIDAJPQXBVAI2222FCQIROK - -
2014-10-07T11:54:53.087Z   200      16108 http://www.ifs.org.uk/publications/4849 LL http://www.ifs.org.uk/publications/feed/tw text/html #001 20141007115451985+1096 sha1:5D6MTO2QTKBQIJZGG6WZBJSLSQZ6YQ4C - -
2014-10-07T11:55:00.801Z   200      15191 http://www.ifs.org.uk/publications/4855 LL http://www.ifs.org.uk/publications/feed/tw text/html #024 20141007115458644+2149 sha1:EJBPEM3SH4VACMOBHHRCN3PSEGX2IVMW - -
2014-10-07T11:55:12.250Z   200      16167 http://www.ifs.org.uk/publications/4844 LL http://www.ifs.org.uk/publications/feed/tw text/html #012 20141007115511563+682 sha1:FNVWS6OIRG2IOYQVD45V6FZJRNXF3FU4 - -
2014-10-07T11:55:16.130Z   200      14952 http://www.ifs.org.uk/publications/4839 LL http://www.ifs.org.uk/publications/feed/tw text/html #014 20141007115515672+452 sha1:QLQGZWYQ7N4W47MO6YHYQDSCISEYCLBA - -
2014-10-07T11:55:20.020Z   200      15504 http://www.ifs.org.uk/publications/4840 LL http://www.ifs.org.uk/publications/feed/tw text/html #014 20141007115519131+883 sha1:5MM6IVEKPEPVDM5A7HTZAZLOMA2WBICM - -
2014-10-07T11:55:25.789Z   200      15238 http://www.ifs.org.uk/publications/4830 LL http://www.ifs.org.uk/publications/feed/tw text/html #004 20141007115524650+1133 sha1:BJWA5CWRSAE4IJIGDDQ2YKE36R6AJW4Y - -
2014-10-07T11:55:32.830Z   200      20239 http://www.ifs.org.uk/publications/4820 LL http://www.ifs.org.uk/publications/feed/tw text/html #010 20141007115531662+1162 sha1:H6IU6QHQ7HKZPWX7KN33QTXOVACLCXCM - -
2014-10-07T11:55:39.733Z   200      16087 http://www.ifs.org.uk/publications/4814 LL http://www.ifs.org.uk/publications/feed/tw text/html #008 20141007115538664+1063 sha1:TSVB3AFFLGMQSNT3QNQVX5OA5WX2ZRJC - -
2014-10-07T11:55:46.015Z   200      16151 http://www.ifs.org.uk/publications/4815 LL http://www.ifs.org.uk/publications/feed/tw text/html #013 20141007115545085+924 sha1:LHA2LTCOJSRP2L44GYHIJ3YYZNYWY46H - -
2014-10-07T11:55:51.321Z   200      15652 http://www.ifs.org.uk/publications/4808 LL http://www.ifs.org.uk/publications/feed/tw text/html #009 20141007115550686+629 sha1:EJF47KQJ4LALBSMX3JVF453X35IXGV3C - -
2014-10-07T11:55:58.530Z   200      15806 http://www.ifs.org.uk/publications/1711 LL http://www.ifs.org.uk/publications/feed/tw text/html #022 20141007115554705+3819 sha1:M6UQBNJHMNWBOBEST5JNOIZYD5WXKWNJ - -
2014-10-07T11:56:22.110Z   200      14638 http://www.ifs.org.uk/publications/350 LL http://www.ifs.org.uk/publications/feed/tw text/html #021 20141007115617715+4390 sha1:SUMLTRPPGCFKSWQFW7L3XRVE5XVUCVDU - -
2014-10-07T11:56:45.360Z   200      19946 http://www.ifs.org.uk/publications/3250 LL http://www.ifs.org.uk/publications/feed/tw text/html #001 20141007115644103+1251 sha1:EWQ52HGJ62MIQQ3V5Z5HOND63X2OEJRX - -
2014-10-07T11:56:53.005Z   200      15795 http://www.ifs.org.uk/publications/4716 LL http://www.ifs.org.uk/publications/feed/tw text/html #011 20141007115651729+1270 sha1:YF4LPQQR74VRX637BAFXAAATFN6ZKMB4 - -
2014-10-07T11:57:01.050Z   200      15239 http://www.ifs.org.uk/publications/5519 LL http://www.ifs.org.uk/publications/feed/tw text/html #001 20141007115659363+1682 sha1:F7HNSSYTW6YFQNPUVIRLGL6XJWL5XIFV - -
2014-10-07T11:57:10.527Z   200      18216 http://www.ifs.org.uk/publications/4554 LL http://www.ifs.org.uk/publications/feed/tw text/html #022 20141007115709542+976 sha1:BP2CG66T3BEDQZWB66RVZ7ZRINROZIX6 - -
2014-10-07T11:57:16.704Z   200      19034 http://www.ifs.org.uk/publications/4543 LL http://www.ifs.org.uk/publications/feed/tw text/html #022 20141007115715529+1169 sha1:3ERNRPXHKIMX2KI6A677WLSI444M4VZ5 - -
2014-10-07T11:57:23.736Z   200      15599 http://www.ifs.org.uk/publications/1 LL http://www.ifs.org.uk/publications/feed/tw text/html #022 20141007115722706+1024 sha1:V2C6FIYNB5N37TCLAGBXT66R5H4B4QOR - -
2014-10-07T11:57:30.533Z   200      17287 http://www.ifs.org.uk/publications/4234 LL http://www.ifs.org.uk/publications/feed/tw text/html #018 20141007115728895+1632 sha1:N4LBZF7BUMLTY2B5KE2W6E5FYVWUZ6G6 - -
2014-10-07T11:57:40.216Z   200      14388 http://www.ifs.org.uk/publications/4436 LL http://www.ifs.org.uk/publications/feed/tw text/html #022 20141007115738739+1472 sha1:KBZWX5GIFZP6C6WBBPT37EL4ZOUE5SDT - -
2014-10-07T11:57:49.459Z   200      17458 http://www.ifs.org.uk/publications/3620 LL http://www.ifs.org.uk/publications/feed/tw text/html #008 20141007115747753+1699 sha1:VQ3YQWTSW5CEEJEFQGG7PONXRNIZQR3J - -
2014-10-07T11:57:59.695Z   404       8114 http://www.ifs.org.uk/publications/1988l LL http://www.ifs.org.uk/publications/feed/pr text/html #011 20141007115758015+1677 sha1:MOHFYWTW7QMSHY6MBUC7AU5QHIZKF2DX - -
2014-10-07T11:58:09.298Z   404       8114 http://www.ifs.org.uk/publications/browse?type=re&&title=green%budget LL http://www.ifs.org.uk/publications/feed/pr text/html #021 20141007115808127+1168 sha1:MOHFYWTW7QMSHY6MBUC7AU5QHIZKF2DX - -
2014-10-07T11:58:16.729Z   200      18414 http://www.ifs.org.uk/publications/pf LL http://www.ifs.org.uk/publications/feed/pf text/html #005 20141007115815160+1563 sha1:QHPHUPBROVQ67MDZDDHWBPTUNLTITTV5 - -
